<?xml version="1.0" encoding="utf-8"?><testsuites><testsuite name="pytest" errors="0" failures="0" skipped="0" tests="6" time="8.337" timestamp="2026-08-11T15:10:39.994903+05:30" hostname="Hamza-LEGION"><testcase classname="tests.test_api" name="test_health_reports_ready_model" time="0.083" /><testcase classname="tests.test_api" name="test_predict_accepts_multipart_image" time="0.094" /><testcase classname="tests.test_inference" name="test_predict_tensor_returns_probabilities_and_winning_label" time="0.002" /><testcase classname="tests.test_preprocessing" name="test_preprocess_image_bytes_converts_to_rgb_shape_and_unit_range" time="0.005" /><testcase classname="tests.test_preprocessing" name="test_preprocess_image_bytes_rejects_invalid_bytes[]" time="0.002" /><testcase classname="tests.test_preprocessing" name="test_preprocess_image_bytes_rejects_invalid_bytes[this is not an image]" time="0.117" /></testsuite></testsuites>